c:\users\ксения\source\repos\huffman_coding\debug\vc142.pdb
c:\users\ксения\source\repos\huffman_coding\debug\vc142.idb
c:\users\ксения\source\repos\huffman_coding\debug\huffman_coding.obj
c:\users\ксения\source\repos\huffman_coding\debug\reading.obj
c:\users\ксения\source\repos\huffman_coding\debug\quicksort.obj
c:\users\ксения\source\repos\huffman_coding\debug\buildingtree.obj
c:\users\ксения\source\repos\huffman_coding\debug\akingcodes.obj
c:\users\ксения\source\repos\huffman_coding\debug\output.obj
c:\users\ксения\source\repos\huffman_coding\debug\makingcodes.obj
c:\users\ксения\source\repos\huffman_coding\debug\process.obj
c:\users\ксения\source\repos\huffman_coding\debug\coding+decoding.obj
c:\users\ксения\source\repos\huffman_coding\debug\huffman_coding.exe
c:\users\ксения\source\repos\huffman_coding\debug\huffman_coding.ilk
c:\users\ксения\source\repos\huffman_coding\debug\huffman_coding.pdb
c:\users\ксения\source\repos\huffman_coding\debug\huffman_coding.tlog\cl.command.1.tlog
c:\users\ксения\source\repos\huffman_coding\debug\huffman_coding.tlog\cl.read.1.tlog
c:\users\ксения\source\repos\huffman_coding\debug\huffman_coding.tlog\cl.write.1.tlog
c:\users\ксения\source\repos\huffman_coding\debug\huffman_coding.tlog\link.command.1.tlog
c:\users\ксения\source\repos\huffman_coding\debug\huffman_coding.tlog\link.read.1.tlog
c:\users\ксения\source\repos\huffman_coding\debug\huffman_coding.tlog\link.write.1.tlog
